==================== 2026-04-06T06:33:58.220517Z | 91ceb384-3efc-45f6-ab27-2eb61cd0cc4a ====================
06:33:58.220855 [info ]: Starting dbt LSP server
06:33:58.220968 [info ]: Connecting to LSP client on port 8000
06:33:58.221222 [info ]: Successfully connected to LSP client
06:33:58.221231 [info ]: Creating LSP service...
06:33:58.273341 [info ]: Creating LSP server...
06:33:58.273354 [info ]: Starting LSP server...
06:33:58.301103 [info ]: Started loading project
06:33:58.301227 [info ]: Finished loading project [  0.00s]
07:16:00.136900 [info ]: Started loading project
07:16:00.139318 [info ]: Finished loading project [  0.00s]
07:23:21.165762 [info ]: Loading ~/.dbt/profiles.yml
==================== 2026-04-06T07:25:36.031288Z | 437b9388-cbfb-47f2-8c40-f82950c4fafa ====================
07:25:36.033106 [info ]: Starting dbt LSP server
07:25:36.033236 [info ]: Connecting to LSP client on port 8000
07:25:36.033680 [info ]: Successfully connected to LSP client
07:25:36.033688 [info ]: Creating LSP service...
07:25:36.086487 [info ]: Creating LSP server...
07:25:36.086502 [info ]: Starting LSP server...
07:25:36.119403 [info ]: Loading ~/.dbt/profiles.yml
07:25:36.151406 [info ]: Started loading project
07:25:36.151963 [info ]: Loading ~/.dbt/profiles.yml
07:25:36.260836 [info ]:    Started resolving packages from packages.yml
07:25:36.599190 [info ]:   Finished [  0.34s] resolving packages from packages.yml (1 items)
07:25:36.600118 [debug]:    Started loading packages
07:25:36.610688 [debug]:     Loaded [  0.01s] packages
07:25:36.613587 [info ]: Finished loading project [  0.46s]
07:25:36.616252 [info ]: Started parsing
07:25:36.720706 [debug]: Finished parsing dbt_packages/datavault4dbt/macros/internal/metadata_processing/metadata_processing.yml [  0.01s]
07:25:36.720986 [debug]: Finished parsing dbt_packages/datavault4dbt/macros/rehashing/multiple_entities/rehash_multiple_entities.yml [  0.00s]
07:25:36.722363 [debug]: Finished parsing dbt_packages/datavault4dbt/macros/rehashing/rehash_all_rdv_entities.yml [  0.00s]
07:25:36.723522 [debug]: Finished parsing dbt_packages/datavault4dbt/macros/rehashing/single_entities/rehash_single_entities.yml [  0.00s]
07:25:36.723761 [debug]: Finished parsing dbt_packages/datavault4dbt/macros/staging/staging.yml [  0.00s]
07:25:36.732447 [debug]: Finished parsing models/sources/src_willibald.yml [  0.00s]
07:25:36.739634 [info ]: Finished parsing [  0.12s]
07:25:36.741203 [info ]: Cached model count updated: 0 models (estimate)
07:25:36.741215 [info ]: Cached model count updated: 0 models (accurate)
07:25:36.742429 [info ]: Started scheduling
07:25:36.744104 [info ]: Finished scheduling [  0.00s]
07:25:36.744113 [debug]: Compilation - 0 nodes selected: {}
07:25:36.744272 [warn ]: dbt1601: Nothing to do. Try checking your model configs and model specification args
07:25:36.744548 [info ]: Started scheduling
07:25:36.744568 [info ]: Finished scheduling [  0.00s]
07:25:38.218063 [info ]: Started building task graph
07:25:38.219126 [info ]: Finished building task graph [  0.00s]
07:25:38.232090 [info ]: Cached model count updated: 0 models (accurate)
07:28:08.529103 [info ]: Loading ~/.dbt/profiles.yml
07:28:08.549079 [info ]: Started loading project
07:28:08.549319 [info ]: Loading ~/.dbt/profiles.yml
07:28:08.553316 [info ]: Started loading project
07:28:08.553513 [info ]: Loading ~/.dbt/profiles.yml
07:28:08.553535 [info ]: Finished loading project [  0.00s]
07:28:08.658081 [info ]:    Started resolving packages from packages.yml
07:28:09.098708 [info ]:   Finished [  0.44s] resolving packages from packages.yml (1 items)
07:28:09.098975 [debug]:    Started loading packages
07:28:09.116305 [debug]:     Loaded [  0.02s] packages
07:28:09.117132 [info ]: Finished loading project [  0.56s]
07:28:09.117567 [info ]: Started parsing
07:28:09.215544 [debug]: Finished parsing dbt_packages/datavault4dbt/macros/internal/metadata_processing/metadata_processing.yml [  0.00s]
07:28:09.215827 [debug]: Finished parsing dbt_packages/datavault4dbt/macros/rehashing/multiple_entities/rehash_multiple_entities.yml [  0.00s]
07:28:09.216043 [debug]: Finished parsing dbt_packages/datavault4dbt/macros/rehashing/rehash_all_rdv_entities.yml [  0.00s]
07:28:09.216830 [debug]: Finished parsing dbt_packages/datavault4dbt/macros/rehashing/single_entities/rehash_single_entities.yml [  0.00s]
07:28:09.217038 [debug]: Finished parsing dbt_packages/datavault4dbt/macros/staging/staging.yml [  0.00s]
07:28:09.219272 [debug]: Finished parsing models/sources/src_willibald.yml [  0.00s]
07:28:09.220780 [info ]: Finished parsing [  0.10s]
07:28:09.220897 [info ]: Cached model count updated: 0 models (estimate)
07:28:09.220903 [info ]: Cached model count updated: 0 models (accurate)
07:28:09.220929 [info ]: Started scheduling
07:28:09.220973 [info ]: Finished scheduling [  0.00s]
07:28:09.220979 [debug]: Compilation - 0 nodes selected: {}
07:28:09.220988 [warn ]: dbt1601: Nothing to do. Try checking your model configs and model specification args
07:28:09.220997 [info ]: Started scheduling
07:28:09.221011 [info ]: Finished scheduling [  0.00s]
07:28:10.655198 [info ]: Started building task graph
07:28:10.655228 [info ]: Finished building task graph [  0.00s]
07:28:10.662350 [info ]: Cached model count updated: 0 models (accurate)
07:40:46.649271 [info ]: Started loading project
07:40:46.649915 [info ]: Loading ~/.dbt/profiles.yml
07:40:46.652581 [info ]: Started loading project
07:40:46.652819 [info ]: Finished loading project [  0.00s]
07:40:46.652793 [info ]: Loading ~/.dbt/profiles.yml
07:40:46.759392 [info ]:    Started resolving packages from packages.yml
07:40:47.428296 [info ]:   Finished [  0.67s] resolving packages from packages.yml (1 items)
07:40:47.428617 [debug]:    Started loading packages
07:40:47.440630 [debug]:     Loaded [  0.01s] packages
07:40:47.441481 [info ]: Finished loading project [  0.79s]
07:40:47.441970 [info ]: Started parsing
07:40:47.555469 [debug]: Finished parsing dbt_packages/datavault4dbt/macros/internal/metadata_processing/metadata_processing.yml [  0.00s]
07:40:47.555797 [debug]: Finished parsing dbt_packages/datavault4dbt/macros/rehashing/multiple_entities/rehash_multiple_entities.yml [  0.00s]
07:40:47.555993 [debug]: Finished parsing dbt_packages/datavault4dbt/macros/rehashing/rehash_all_rdv_entities.yml [  0.00s]
07:40:47.556736 [debug]: Finished parsing dbt_packages/datavault4dbt/macros/rehashing/single_entities/rehash_single_entities.yml [  0.00s]
07:40:47.556933 [debug]: Finished parsing dbt_packages/datavault4dbt/macros/staging/staging.yml [  0.00s]
07:40:47.558750 [debug]: Finished parsing models/sources/src_willibald.yml [  0.00s]
07:40:47.560034 [info ]: Finished parsing [  0.12s]
07:40:47.560144 [info ]: Cached model count updated: 0 models (estimate)
07:40:47.560150 [info ]: Cached model count updated: 0 models (accurate)
07:40:47.560173 [info ]: Started scheduling
07:40:47.560205 [info ]: Finished scheduling [  0.00s]
07:40:47.560210 [debug]: Compilation - 0 nodes selected: {}
07:40:47.560217 [warn ]: dbt1601: Nothing to do. Try checking your model configs and model specification args
07:40:47.560223 [info ]: Started scheduling
07:40:47.560238 [info ]: Finished scheduling [  0.00s]
07:40:48.979082 [info ]: Started building task graph
07:40:48.979105 [info ]: Finished building task graph [  0.00s]
07:40:48.991739 [info ]: Cached model count updated: 0 models (accurate)
07:40:53.629958 [info ]: Started loading project
07:40:53.630172 [info ]: Loading ~/.dbt/profiles.yml
07:40:53.631583 [info ]: Started loading project
07:40:53.631727 [info ]: Loading ~/.dbt/profiles.yml
07:40:53.631741 [info ]: Finished loading project [  0.00s]
07:40:53.789444 [info ]:    Started resolving packages from packages.yml
07:40:54.158439 [info ]:   Finished [  0.37s] resolving packages from packages.yml (1 items)
07:40:54.158711 [debug]:    Started loading packages
07:40:54.168382 [debug]:     Loaded [  0.01s] packages
07:40:54.169208 [info ]: Finished loading project [  0.54s]
07:40:54.169629 [info ]: Started parsing
07:40:54.251204 [debug]: Finished parsing dbt_packages/datavault4dbt/macros/internal/metadata_processing/metadata_processing.yml [  0.00s]
07:40:54.251529 [debug]: Finished parsing dbt_packages/datavault4dbt/macros/rehashing/multiple_entities/rehash_multiple_entities.yml [  0.00s]
07:40:54.251731 [debug]: Finished parsing dbt_packages/datavault4dbt/macros/rehashing/rehash_all_rdv_entities.yml [  0.00s]
07:40:54.252603 [debug]: Finished parsing dbt_packages/datavault4dbt/macros/rehashing/single_entities/rehash_single_entities.yml [  0.00s]
07:40:54.252843 [debug]: Finished parsing dbt_packages/datavault4dbt/macros/staging/staging.yml [  0.00s]
07:40:54.254727 [debug]: Finished parsing models/sources/src_willibald.yml [  0.00s]
07:40:54.256327 [info ]: Finished parsing [  0.09s]
07:40:54.256445 [info ]: Cached model count updated: 0 models (estimate)
07:40:54.256452 [info ]: Cached model count updated: 0 models (accurate)
07:40:54.256467 [info ]: Started scheduling
07:40:54.256493 [info ]: Finished scheduling [  0.00s]
07:40:54.256499 [debug]: Compilation - 0 nodes selected: {}
07:40:54.256505 [warn ]: dbt1601: Nothing to do. Try checking your model configs and model specification args
07:40:54.256511 [info ]: Started scheduling
07:40:54.256525 [info ]: Finished scheduling [  0.00s]
07:40:55.683919 [info ]: Started building task graph
07:40:55.683945 [info ]: Finished building task graph [  0.00s]
07:40:55.694676 [info ]: Cached model count updated: 0 models (accurate)
07:41:00.293954 [info ]: Started loading project
07:41:00.294183 [info ]: Loading ~/.dbt/profiles.yml
07:41:00.295895 [info ]: Started loading project
07:41:00.296046 [info ]: Loading ~/.dbt/profiles.yml
07:41:00.296062 [info ]: Finished loading project [  0.00s]
07:41:00.399362 [info ]:    Started resolving packages from packages.yml
07:41:00.576628 [info ]:   Finished [  0.18s] resolving packages from packages.yml (1 items)
07:41:00.576736 [debug]:    Started loading packages
07:41:00.581921 [debug]:     Loaded [  0.01s] packages
07:41:00.582390 [info ]: Finished loading project [  0.29s]
07:41:00.582644 [info ]: Started parsing
07:41:00.650787 [debug]: Finished parsing dbt_packages/datavault4dbt/macros/internal/metadata_processing/metadata_processing.yml [  0.00s]
07:41:00.651087 [debug]: Finished parsing dbt_packages/datavault4dbt/macros/rehashing/multiple_entities/rehash_multiple_entities.yml [  0.00s]
07:41:00.651280 [debug]: Finished parsing dbt_packages/datavault4dbt/macros/rehashing/rehash_all_rdv_entities.yml [  0.00s]
07:41:00.652027 [debug]: Finished parsing dbt_packages/datavault4dbt/macros/rehashing/single_entities/rehash_single_entities.yml [  0.00s]
07:41:00.652243 [debug]: Finished parsing dbt_packages/datavault4dbt/macros/staging/staging.yml [  0.00s]
07:41:00.654214 [debug]: Finished parsing models/sources/src_willibald.yml [  0.00s]
07:41:00.655635 [info ]: Finished parsing [  0.07s]
07:41:00.655758 [info ]: Cached model count updated: 0 models (estimate)
07:41:00.655765 [info ]: Cached model count updated: 0 models (accurate)
07:41:00.655780 [info ]: Started scheduling
07:41:00.655807 [info ]: Finished scheduling [  0.00s]
07:41:00.655812 [debug]: Compilation - 0 nodes selected: {}
07:41:00.655820 [warn ]: dbt1601: Nothing to do. Try checking your model configs and model specification args
07:41:00.655827 [info ]: Started scheduling
07:41:00.655839 [info ]: Finished scheduling [  0.00s]
07:41:02.081259 [info ]: Started building task graph
07:41:02.081280 [info ]: Finished building task graph [  0.00s]
07:41:02.091237 [info ]: Cached model count updated: 0 models (accurate)
07:41:09.753883 [info ]: Started loading project
07:41:09.754092 [info ]: Loading ~/.dbt/profiles.yml
07:41:09.755892 [info ]: Started loading project
07:41:09.756053 [info ]: Loading ~/.dbt/profiles.yml
07:41:09.756066 [info ]: Finished loading project [  0.00s]
07:41:09.856474 [info ]:    Started resolving packages from packages.yml
07:41:10.071148 [info ]:   Finished [  0.21s] resolving packages from packages.yml (1 items)
07:41:10.071255 [debug]:    Started loading packages
07:41:10.076170 [debug]:     Loaded [  0.00s] packages
07:41:10.076617 [info ]: Finished loading project [  0.32s]
07:41:10.076876 [info ]: Started parsing
07:41:10.142504 [debug]: Finished parsing dbt_packages/datavault4dbt/macros/internal/metadata_processing/metadata_processing.yml [  0.00s]
07:41:10.142899 [debug]: Finished parsing dbt_packages/datavault4dbt/macros/rehashing/multiple_entities/rehash_multiple_entities.yml [  0.00s]
07:41:10.143068 [debug]: Finished parsing dbt_packages/datavault4dbt/macros/rehashing/rehash_all_rdv_entities.yml [  0.00s]
07:41:10.143788 [debug]: Finished parsing dbt_packages/datavault4dbt/macros/rehashing/single_entities/rehash_single_entities.yml [  0.00s]
07:41:10.143868 [debug]: Finished parsing dbt_packages/datavault4dbt/macros/staging/staging.yml [  0.00s]
07:41:10.145553 [debug]: Finished parsing models/sources/src_willibald.yml [  0.00s]
07:41:10.146996 [info ]: Finished parsing [  0.07s]
07:41:10.147111 [info ]: Cached model count updated: 0 models (estimate)
07:41:10.147117 [info ]: Cached model count updated: 0 models (accurate)
07:41:10.147132 [info ]: Started scheduling
07:41:10.147160 [info ]: Finished scheduling [  0.00s]
07:41:10.147165 [debug]: Compilation - 0 nodes selected: {}
07:41:10.147172 [warn ]: dbt1601: Nothing to do. Try checking your model configs and model specification args
07:41:10.147177 [info ]: Started scheduling
07:41:10.147190 [info ]: Finished scheduling [  0.00s]
07:41:11.575437 [info ]: Started building task graph
07:41:11.575459 [info ]: Finished building task graph [  0.00s]
07:41:11.585369 [info ]: Cached model count updated: 0 models (accurate)
07:41:22.307665 [info ]: Started loading project
07:41:22.308343 [info ]: Loading ~/.dbt/profiles.yml
07:41:22.319825 [info ]: Started parsing
07:41:22.366484 [info ]: Finished loading project [  0.06s]
07:41:22.367986 [info ]: Finished parsing [  0.05s]
07:41:22.369221 [info ]: Cached model count updated: 0 models (estimate)
07:41:22.369228 [info ]: Cached model count updated: 0 models (accurate)
07:41:22.369244 [info ]: Started scheduling
07:41:22.369600 [info ]: Finished scheduling [  0.00s]
07:41:22.369608 [debug]: Compilation - 0 nodes selected: {}
07:41:22.369892 [warn ]: dbt1600: The selection criterion '' does not match any enabled nodes
07:41:22.369897 [warn ]: dbt1601: Nothing to do. Try checking your model configs and model specification args
07:41:23.814459 [info ]: Started building task graph
07:41:23.814480 [info ]: Finished building task graph [  0.00s]
07:41:23.825359 [info ]: Cached model count updated: 0 models (accurate)
07:41:25.801834 [info ]: Started loading project
07:41:25.802461 [info ]: Loading ~/.dbt/profiles.yml
07:41:25.808889 [info ]: Started parsing
07:41:25.856525 [info ]: Finished loading project [  0.05s]
07:41:25.857875 [info ]: Finished parsing [  0.05s]
07:41:25.858985 [info ]: Cached model count updated: 0 models (estimate)
07:41:25.858993 [info ]: Cached model count updated: 0 models (accurate)
07:41:25.859010 [info ]: Started scheduling
07:41:25.859028 [info ]: Finished scheduling [  0.00s]
07:41:25.859032 [debug]: Compilation - 0 nodes selected: {}
07:41:25.859039 [warn ]: dbt1600: The selection criterion '' does not match any enabled nodes
07:41:25.859043 [warn ]: dbt1601: Nothing to do. Try checking your model configs and model specification args
07:41:27.277082 [info ]: Started building task graph
07:41:27.277104 [info ]: Finished building task graph [  0.00s]
07:41:27.289199 [info ]: Cached model count updated: 0 models (accurate)
07:41:28.442546 [info ]: Started loading project
07:41:28.443079 [info ]: Loading ~/.dbt/profiles.yml
07:41:28.452880 [info ]: Started parsing
07:41:28.506665 [info ]: Finished loading project [  0.06s]
07:41:28.508025 [info ]: Finished parsing [  0.06s]
07:41:28.509537 [info ]: Cached model count updated: 0 models (estimate)
07:41:28.509545 [info ]: Cached model count updated: 0 models (accurate)
07:41:28.509563 [info ]: Started scheduling
07:41:28.509584 [info ]: Finished scheduling [  0.00s]
07:41:28.509588 [debug]: Compilation - 0 nodes selected: {}
07:41:28.509595 [warn ]: dbt1600: The selection criterion '' does not match any enabled nodes
07:41:28.509600 [warn ]: dbt1601: Nothing to do. Try checking your model configs and model specification args
07:41:29.938400 [info ]: Started building task graph
07:41:29.938419 [info ]: Finished building task graph [  0.00s]
07:41:29.948780 [info ]: Cached model count updated: 0 models (accurate)
07:41:30.438865 [info ]: Waiting for lease on 'target' directory
07:41:30.550549 [info ]: Started loading project
07:41:30.551048 [info ]: Loading ~/.dbt/profiles.yml
07:41:30.559365 [info ]: Started parsing
07:41:30.611294 [info ]: Finished loading project [  0.06s]
07:41:30.612725 [info ]: Finished parsing [  0.05s]
07:41:30.613939 [info ]: Cached model count updated: 0 models (estimate)
07:41:30.613947 [info ]: Cached model count updated: 0 models (accurate)
07:41:30.613964 [info ]: Started scheduling
07:41:30.613984 [info ]: Finished scheduling [  0.00s]
07:41:30.613990 [debug]: Compilation - 0 nodes selected: {}
07:41:30.613997 [warn ]: dbt1600: The selection criterion '' does not match any enabled nodes
07:41:30.614001 [warn ]: dbt1601: Nothing to do. Try checking your model configs and model specification args
07:41:32.056019 [info ]: Started building task graph
07:41:32.056043 [info ]: Finished building task graph [  0.00s]
07:41:32.066181 [info ]: Cached model count updated: 0 models (accurate)
07:41:32.066882 [info ]: Waiting for lease on 'target' directory
07:41:32.584983 [info ]: Started loading project
07:41:32.585281 [info ]: Loading ~/.dbt/profiles.yml
07:41:32.588752 [info ]: Started parsing
07:41:32.624490 [info ]: Finished loading project [  0.04s]
07:41:32.625850 [info ]: Finished parsing [  0.04s]
07:41:32.627103 [info ]: Cached model count updated: 0 models (estimate)
07:41:32.627111 [info ]: Cached model count updated: 0 models (accurate)
07:41:32.627130 [info ]: Started scheduling
07:41:32.627150 [info ]: Finished scheduling [  0.00s]
07:41:32.627155 [debug]: Compilation - 0 nodes selected: {}
07:41:32.627163 [warn ]: dbt1600: The selection criterion '' does not match any enabled nodes
07:41:32.627167 [warn ]: dbt1601: Nothing to do. Try checking your model configs and model specification args
07:41:34.133449 [info ]: Started building task graph
07:41:34.133473 [info ]: Finished building task graph [  0.00s]
07:41:34.143658 [info ]: Cached model count updated: 0 models (accurate)
